Using pre-set license
Built from '2022.3/staging' branch; Version is '2022.3.13f1 (5f90a5ebde0f) revision 6262949'; Using compiler version '192829333'; Build Type 'Release'
OS: 'Windows 11  (10.0.22631) 64bit Core' Language: 'de' Physical Memory: 32354 MB
BatchMode: 1, IsHumanControllingUs: 0, StartBugReporterOnCrash: 0, Is64bit: 1, IsPro: 1

COMMAND LINE ARGUMENTS:
C:\Program Files\Unity\Hub\Editor\2022.3.13f1\Editor\Unity.exe
-adb2
-batchMode
-noUpm
-name
AssetImportWorker0
-projectPath
C:/Users/49157/Documents/GitHub/Zeitreise-AR-App/Zeitreise_App
-logFile
Logs/AssetImportWorker0.log
-srvPort
50506
Successfully changed project path to: C:/Users/49157/Documents/GitHub/Zeitreise-AR-App/Zeitreise_App
C:/Users/49157/Documents/GitHub/Zeitreise-AR-App/Zeitreise_App
[UnityMemory] Configuration Parameters - Can be set up in boot.config
    "memorysetup-bucket-allocator-granularity=16"
    "memorysetup-bucket-allocator-bucket-count=8"
    "memorysetup-bucket-allocator-block-size=33554432"
    "memorysetup-bucket-allocator-block-count=8"
    "memorysetup-main-allocator-block-size=16777216"
    "memorysetup-thread-allocator-block-size=16777216"
    "memorysetup-gfx-main-allocator-block-size=16777216"
    "memorysetup-gfx-thread-allocator-block-size=16777216"
    "memorysetup-cache-allocator-block-size=4194304"
    "memorysetup-typetree-allocator-block-size=2097152"
    "memorysetup-profiler-bucket-allocator-granularity=16"
    "memorysetup-profiler-bucket-allocator-bucket-count=8"
    "memorysetup-profiler-bucket-allocator-block-size=33554432"
    "memorysetup-profiler-bucket-allocator-block-count=8"
    "memorysetup-profiler-allocator-block-size=16777216"
    "memorysetup-profiler-editor-allocator-block-size=1048576"
    "memorysetup-temp-allocator-size-main=16777216"
    "memorysetup-job-temp-allocator-block-size=2097152"
    "memorysetup-job-temp-allocator-block-size-background=1048576"
    "memorysetup-job-temp-allocator-reduction-small-platforms=262144"
    "memorysetup-allocator-temp-initial-block-size-main=262144"
    "memorysetup-allocator-temp-initial-block-size-worker=262144"
    "memorysetup-temp-allocator-size-background-worker=32768"
    "memorysetup-temp-allocator-size-job-worker=262144"
    "memorysetup-temp-allocator-size-preload-manager=33554432"
    "memorysetup-temp-allocator-size-nav-mesh-worker=65536"
    "memorysetup-temp-allocator-size-audio-worker=65536"
    "memorysetup-temp-allocator-size-cloud-worker=32768"
    "memorysetup-temp-allocator-size-gi-baking-worker=262144"
    "memorysetup-temp-allocator-size-gfx=262144"
Player connection [12348] Host "[IP] 192.168.178.79 [Port] 0 [Flags] 2 [Guid] 30697889 [EditorId] 30697889 [Version] 1048832 [Id] WindowsEditor(7,DESKTOP-82314ND) [Debug] 1 [PackageName] WindowsEditor [ProjectName] Editor" joined multi-casting on [225.0.0.222:54997]...

Player connection [12348] Host "[IP] 192.168.178.79 [Port] 0 [Flags] 2 [Guid] 30697889 [EditorId] 30697889 [Version] 1048832 [Id] WindowsEditor(7,DESKTOP-82314ND) [Debug] 1 [PackageName] WindowsEditor [ProjectName] Editor" joined alternative multi-casting on [225.0.0.222:34997]...

[Physics::Module] Initialized MultithreadedJobDispatcher with 7 workers.
Refreshing native plugins compatible for Editor in 4531.86 ms, found 4 plugins.
Preloading 0 native plugins for Editor in 0.00 ms.
Initialize engine version: 2022.3.13f1 (5f90a5ebde0f)
[Subsystems] Discovering subsystems at path C:/Program Files/Unity/Hub/Editor/2022.3.13f1/Editor/Data/Resources/UnitySubsystems
[Subsystems] Discovering subsystems at path C:/Users/49157/Documents/GitHub/Zeitreise-AR-App/Zeitreise_App/Assets
GfxDevice: creating device client; threaded=0; jobified=0
Direct3D:
    Version:  Direct3D 11.0 [level 11.1]
    Renderer: Intel(R) Iris(R) Plus Graphics (ID=0x8a52)
    Vendor:   Intel
    VRAM:     16177 MB
    Driver:   30.0.101.3118
Initialize mono
Mono path[0] = 'C:/Program Files/Unity/Hub/Editor/2022.3.13f1/Editor/Data/Managed'
Mono path[1] = 'C:/Program Files/Unity/Hub/Editor/2022.3.13f1/Editor/Data/MonoBleedingEdge/lib/mono/unityjit-win32'
Mono config path = 'C:/Program Files/Unity/Hub/Editor/2022.3.13f1/Editor/Data/MonoBleedingEdge/etc'
Using monoOptions --debugger-agent=transport=dt_socket,embedding=1,server=y,suspend=n,address=127.0.0.1:56204
Begin MonoManager ReloadAssembly
Registering precompiled unity dll's ...
Register platform support module: C:/Program Files/Unity/Hub/Editor/2022.3.13f1/Editor/Data/PlaybackEngines/WebGLSupport/UnityEditor.WebGL.Extensions.dll
Register platform support module: C:/Program Files/Unity/Hub/Editor/2022.3.13f1/Editor/Data/PlaybackEngines/AndroidPlayer/UnityEditor.Android.Extensions.dll
Register platform support module: C:/Program Files/Unity/Hub/Editor/2022.3.13f1/Editor/Data/PlaybackEngines/WindowsStandaloneSupport/UnityEditor.WindowsStandalone.Extensions.dll
Registered in 0.019782 seconds.
- Loaded All Assemblies, in 14.810 seconds
Native extension for WindowsStandalone target not found
Native extension for Android target not found
Android Extension - Scanning For ADB Devices 741 ms
Native extension for WebGL target not found
Mono: successfully reloaded assembly
- Finished resetting the current domain, in  1.664 seconds
Domain Reload Profiling: 16470ms
	BeginReloadAssembly (10413ms)
		ExecutionOrderSort (0ms)
		DisableScriptedObjects (0ms)
		BackupInstance (0ms)
		ReleaseScriptingObjects (0ms)
		CreateAndSetChildDomain (1ms)
	RebuildCommonClasses (1094ms)
	RebuildNativeTypeToScriptingClass (18ms)
	initialDomainReloadingComplete (126ms)
	LoadAllAssembliesAndSetupDomain (3153ms)
		LoadAssemblies (10410ms)
		RebuildTransferFunctionScriptingTraits (0ms)
		AnalyzeDomain (3149ms)
			TypeCache.Refresh (3148ms)
				TypeCache.ScanAssembly (2470ms)
			ScanForSourceGeneratedMonoScriptInfo (0ms)
			ResolveRequiredComponents (1ms)
	FinalizeReload (1665ms)
		ReleaseScriptCaches (0ms)
		RebuildScriptCaches (0ms)
		SetupLoadedEditorAssemblies (1547ms)
			LogAssemblyErrors (0ms)
			InitializePlatformSupportModulesInManaged (1218ms)
			SetLoadedEditorAssemblies (10ms)
			RefreshPlugins (0ms)
			BeforeProcessingInitializeOnLoad (5ms)
			ProcessInitializeOnLoadAttributes (224ms)
			ProcessInitializeOnLoadMethodAttributes (90ms)
			AfterProcessingInitializeOnLoad (0ms)
			EditorAssembliesLoaded (0ms)
		ExecutionOrderSort2 (0ms)
		AwakeInstancesAfterBackupRestoration (0ms)
========================================================================
Worker process is ready to serve import requests
Begin MonoManager ReloadAssembly
- Loaded All Assemblies, in 10.601 seconds
Refreshing native plugins compatible for Editor in 9.02 ms, found 4 plugins.
Native extension for WindowsStandalone target not found
Native extension for Android target not found
Native extension for WebGL target not found
Package Manager log level set to [2]
[Package Manager] Server::EnsureServerProcessIsRunning -- launch failed, reason: Unity was launched with the -noUpm command-line argument
[Package Manager] UpmClient::Send -- Unable to send message (not connected to UPM process).
[Package Manager] Cannot connect to Unity Package Manager local server
[Package Manager] Server::EnsureServerProcessIsRunning -- launch failed, reason: Unity was launched with the -noUpm command-line argument
[Package Manager] UpmClient::Send -- Unable to send message (not connected to UPM process).
[Package Manager] Cannot connect to Unity Package Manager local server
Mono: successfully reloaded assembly
[Package Manager] Server::EnsureServerProcessIsRunning -- launch failed, reason: Unity was launched with the -noUpm command-line argument
[Package Manager] UpmClient::Send -- Unable to send message (not connected to UPM process).
[Package Manager] Cannot connect to Unity Package Manager local server
[Package Manager] Server::EnsureServerProcessIsRunning -- launch failed, reason: Unity was launched with the -noUpm command-line argument
[Package Manager] UpmClient::Send -- Unable to send message (not connected to UPM process).
[Package Manager] Cannot connect to Unity Package Manager local server
- Finished resetting the current domain, in  1.278 seconds
Domain Reload Profiling: 11876ms
	BeginReloadAssembly (163ms)
		ExecutionOrderSort (0ms)
		DisableScriptedObjects (6ms)
		BackupInstance (0ms)
		ReleaseScriptingObjects (0ms)
		CreateAndSetChildDomain (23ms)
	RebuildCommonClasses (39ms)
	RebuildNativeTypeToScriptingClass (12ms)
	initialDomainReloadingComplete (48ms)
	LoadAllAssembliesAndSetupDomain (10336ms)
		LoadAssemblies (9284ms)
		RebuildTransferFunctionScriptingTraits (0ms)
		AnalyzeDomain (1148ms)
			TypeCache.Refresh (1094ms)
				TypeCache.ScanAssembly (1010ms)
			ScanForSourceGeneratedMonoScriptInfo (39ms)
			ResolveRequiredComponents (13ms)
	FinalizeReload (1279ms)
		ReleaseScriptCaches (0ms)
		RebuildScriptCaches (0ms)
		SetupLoadedEditorAssemblies (956ms)
			LogAssemblyErrors (0ms)
			InitializePlatformSupportModulesInManaged (40ms)
			SetLoadedEditorAssemblies (8ms)
			RefreshPlugins (0ms)
			BeforeProcessingInitializeOnLoad (166ms)
			ProcessInitializeOnLoadAttributes (682ms)
			ProcessInitializeOnLoadMethodAttributes (50ms)
			AfterProcessingInitializeOnLoad (10ms)
			EditorAssembliesLoaded (0ms)
		ExecutionOrderSort2 (0ms)
		AwakeInstancesAfterBackupRestoration (11ms)
Launched and connected shader compiler UnityShaderCompiler.exe after 0.14 seconds
Refreshing native plugins compatible for Editor in 7.72 ms, found 4 plugins.
Preloading 0 native plugins for Editor in 0.00 ms.
Unloading 4330 Unused Serialized files (Serialized files now loaded: 0)
Unloading 56 unused Assets / (1.3 MB). Loaded Objects now: 4788.
Memory consumption went from 159.9 MB to 158.6 MB.
Total: 11.093800 ms (FindLiveObjects: 0.506900 ms CreateObjectMapping: 0.409500 ms MarkObjects: 9.247000 ms  DeleteObjects: 0.928000 ms)

AssetImportParameters requested are different than current active one (requested -> active):
  custom:container-demuxer-ogg: 62fdf1f143b41e24485cea50d1cbac27 -> 
  custom:video-codec-MediaFoundation-h265: 746d11721c4dcdbdad8f713fa42b33f4 -> 
  custom:video-decoder-ogg-theora: a1e56fd34408186e4bbccfd4996cb3dc -> 
  custom:framework-win-MediaFoundation: 216162199b28c13a410421893ffa2e32 -> 
  custom:CustomObjectIndexerAttribute: 756ad292c208cfabdd7b50bc23989ffe -> 
  custom:container-demuxer-webm: 4f35f7cbe854078d1ac9338744f61a02 -> 
  custom:container-muxer-webm: aa71ff27fc2769a1b78a27578f13a17b -> 
  custom:video-decoder-webm-vp8: 9c59270c3fd7afecdb556c50c9e8de78 -> 
  custom:SearchIndexIgnoredProperties: e643bd26f0fe6173181afceb89e7c659 -> 
  custom:AudioImporter_EditorPlatform: d09bf68614088b80899f8185d706f6e7 -> 
  custom:video-encoder-webm-vp8: eb34c28f22e8b96e1ab97ce403110664 -> 
  custom:audio-decoder-ogg-vorbis: bf7c407c2cedff20999df2af8eb42d56 -> 
  custom:audio-encoder-webm-vorbis: bf7c407c2cedff20999df2af8eb42d56 -> 
========================================================================
Received Prepare
Begin MonoManager ReloadAssembly
- Loaded All Assemblies, in  0.873 seconds
Refreshing native plugins compatible for Editor in 67.13 ms, found 4 plugins.
Native extension for WindowsStandalone target not found
Native extension for Android target not found
Native extension for WebGL target not found
[Package Manager] Server::EnsureServerProcessIsRunning -- launch failed, reason: Unity was launched with the -noUpm command-line argument
[Package Manager] UpmClient::Send -- Unable to send message (not connected to UPM process).
[Package Manager] Cannot connect to Unity Package Manager local server
[Package Manager] Server::EnsureServerProcessIsRunning -- launch failed, reason: Unity was launched with the -noUpm command-line argument
[Package Manager] UpmClient::Send -- Unable to send message (not connected to UPM process).
[Package Manager] Cannot connect to Unity Package Manager local server
Mono: successfully reloaded assembly
[Package Manager] Server::EnsureServerProcessIsRunning -- launch failed, reason: Unity was launched with the -noUpm command-line argument
[Package Manager] UpmClient::Send -- Unable to send message (not connected to UPM process).
[Package Manager] Cannot connect to Unity Package Manager local server
- Finished resetting the current domain, in  1.925 seconds
Domain Reload Profiling: 2794ms
	BeginReloadAssembly (305ms)
		ExecutionOrderSort (0ms)
		DisableScriptedObjects (11ms)
		BackupInstance (0ms)
		ReleaseScriptingObjects (0ms)
		CreateAndSetChildDomain (64ms)
	RebuildCommonClasses (62ms)
	RebuildNativeTypeToScriptingClass (25ms)
	initialDomainReloadingComplete (54ms)
	LoadAllAssembliesAndSetupDomain (423ms)
		LoadAssemblies (495ms)
		RebuildTransferFunctionScriptingTraits (0ms)
		AnalyzeDomain (58ms)
			TypeCache.Refresh (12ms)
				TypeCache.ScanAssembly (0ms)
			ScanForSourceGeneratedMonoScriptInfo (31ms)
			ResolveRequiredComponents (13ms)
	FinalizeReload (1926ms)
		ReleaseScriptCaches (0ms)
		RebuildScriptCaches (0ms)
		SetupLoadedEditorAssemblies (904ms)
			LogAssemblyErrors (0ms)
			InitializePlatformSupportModulesInManaged (46ms)
			SetLoadedEditorAssemblies (6ms)
			RefreshPlugins (0ms)
			BeforeProcessingInitializeOnLoad (175ms)
			ProcessInitializeOnLoadAttributes (576ms)
			ProcessInitializeOnLoadMethodAttributes (83ms)
			AfterProcessingInitializeOnLoad (16ms)
			EditorAssembliesLoaded (1ms)
		ExecutionOrderSort2 (0ms)
		AwakeInstancesAfterBackupRestoration (21ms)
Refreshing native plugins compatible for Editor in 8.12 ms, found 4 plugins.
Preloading 0 native plugins for Editor in 0.00 ms.
Unloading 4311 Unused Serialized files (Serialized files now loaded: 0)
Unloading 36 unused Assets / (1.2 MB). Loaded Objects now: 4792.
Memory consumption went from 158.3 MB to 157.1 MB.
Total: 9.820400 ms (FindLiveObjects: 0.530900 ms CreateObjectMapping: 0.262200 ms MarkObjects: 7.545100 ms  DeleteObjects: 1.480400 ms)

Prepare: number of updated asset objects reloaded= 0
AssetImportParameters requested are different than current active one (requested -> active):
  custom:container-demuxer-ogg: 62fdf1f143b41e24485cea50d1cbac27 -> 
  custom:video-codec-MediaFoundation-h265: 746d11721c4dcdbdad8f713fa42b33f4 -> 
  custom:video-decoder-ogg-theora: a1e56fd34408186e4bbccfd4996cb3dc -> 
  custom:framework-win-MediaFoundation: 216162199b28c13a410421893ffa2e32 -> 
  custom:CustomObjectIndexerAttribute: 756ad292c208cfabdd7b50bc23989ffe -> 
  custom:container-demuxer-webm: 4f35f7cbe854078d1ac9338744f61a02 -> 
  custom:container-muxer-webm: aa71ff27fc2769a1b78a27578f13a17b -> 
  custom:video-decoder-webm-vp8: 9c59270c3fd7afecdb556c50c9e8de78 -> 
  custom:SearchIndexIgnoredProperties: e643bd26f0fe6173181afceb89e7c659 -> 
  custom:AudioImporter_EditorPlatform: d09bf68614088b80899f8185d706f6e7 -> 
  custom:video-encoder-webm-vp8: eb34c28f22e8b96e1ab97ce403110664 -> 
  custom:audio-decoder-ogg-vorbis: bf7c407c2cedff20999df2af8eb42d56 -> 
  custom:audio-encoder-webm-vorbis: bf7c407c2cedff20999df2af8eb42d56 -> 
========================================================================
Received Prepare
Begin MonoManager ReloadAssembly
- Loaded All Assemblies, in  0.970 seconds
Refreshing native plugins compatible for Editor in 8.15 ms, found 4 plugins.
Native extension for WindowsStandalone target not found
Native extension for Android target not found
Native extension for WebGL target not found
[Package Manager] Server::EnsureServerProcessIsRunning -- launch failed, reason: Unity was launched with the -noUpm command-line argument
[Package Manager] UpmClient::Send -- Unable to send message (not connected to UPM process).
[Package Manager] Cannot connect to Unity Package Manager local server
[Package Manager] Server::EnsureServerProcessIsRunning -- launch failed, reason: Unity was launched with the -noUpm command-line argument
[Package Manager] UpmClient::Send -- Unable to send message (not connected to UPM process).
[Package Manager] Cannot connect to Unity Package Manager local server
Mono: successfully reloaded assembly
[Package Manager] Server::EnsureServerProcessIsRunning -- launch failed, reason: Unity was launched with the -noUpm command-line argument
[Package Manager] UpmClient::Send -- Unable to send message (not connected to UPM process).
[Package Manager] Cannot connect to Unity Package Manager local server
- Finished resetting the current domain, in  1.165 seconds
Domain Reload Profiling: 2124ms
	BeginReloadAssembly (325ms)
		ExecutionOrderSort (0ms)
		DisableScriptedObjects (10ms)
		BackupInstance (0ms)
		ReleaseScriptingObjects (0ms)
		CreateAndSetChildDomain (74ms)
	RebuildCommonClasses (70ms)
	RebuildNativeTypeToScriptingClass (25ms)
	initialDomainReloadingComplete (67ms)
	LoadAllAssembliesAndSetupDomain (473ms)
		LoadAssemblies (575ms)
		RebuildTransferFunctionScriptingTraits (0ms)
		AnalyzeDomain (82ms)
			TypeCache.Refresh (18ms)
				TypeCache.ScanAssembly (1ms)
			ScanForSourceGeneratedMonoScriptInfo (44ms)
			ResolveRequiredComponents (18ms)
	FinalizeReload (1166ms)
		ReleaseScriptCaches (0ms)
		RebuildScriptCaches (0ms)
		SetupLoadedEditorAssemblies (519ms)
			LogAssemblyErrors (0ms)
			InitializePlatformSupportModulesInManaged (32ms)
			SetLoadedEditorAssemblies (4ms)
			RefreshPlugins (0ms)
			BeforeProcessingInitializeOnLoad (75ms)
			ProcessInitializeOnLoadAttributes (361ms)
			ProcessInitializeOnLoadMethodAttributes (42ms)
			AfterProcessingInitializeOnLoad (6ms)
			EditorAssembliesLoaded (0ms)
		ExecutionOrderSort2 (0ms)
		AwakeInstancesAfterBackupRestoration (11ms)
Refreshing native plugins compatible for Editor in 5.40 ms, found 4 plugins.
Preloading 0 native plugins for Editor in 0.00 ms.
Unloading 4311 Unused Serialized files (Serialized files now loaded: 0)
Unloading 36 unused Assets / (1.2 MB). Loaded Objects now: 4796.
Memory consumption went from 160.3 MB to 159.0 MB.
Total: 6.859500 ms (FindLiveObjects: 0.298900 ms CreateObjectMapping: 0.271900 ms MarkObjects: 4.011900 ms  DeleteObjects: 2.275400 ms)

Prepare: number of updated asset objects reloaded= 0
AssetImportParameters requested are different than current active one (requested -> active):
  custom:container-demuxer-ogg: 62fdf1f143b41e24485cea50d1cbac27 -> 
  custom:video-codec-MediaFoundation-h265: 746d11721c4dcdbdad8f713fa42b33f4 -> 
  custom:video-decoder-ogg-theora: a1e56fd34408186e4bbccfd4996cb3dc -> 
  custom:framework-win-MediaFoundation: 216162199b28c13a410421893ffa2e32 -> 
  custom:CustomObjectIndexerAttribute: 756ad292c208cfabdd7b50bc23989ffe -> 
  custom:container-demuxer-webm: 4f35f7cbe854078d1ac9338744f61a02 -> 
  custom:container-muxer-webm: aa71ff27fc2769a1b78a27578f13a17b -> 
  custom:video-decoder-webm-vp8: 9c59270c3fd7afecdb556c50c9e8de78 -> 
  custom:SearchIndexIgnoredProperties: e643bd26f0fe6173181afceb89e7c659 -> 
  custom:AudioImporter_EditorPlatform: d09bf68614088b80899f8185d706f6e7 -> 
  custom:video-encoder-webm-vp8: eb34c28f22e8b96e1ab97ce403110664 -> 
  custom:audio-decoder-ogg-vorbis: bf7c407c2cedff20999df2af8eb42d56 -> 
  custom:audio-encoder-webm-vorbis: bf7c407c2cedff20999df2af8eb42d56 -> 
========================================================================
Received Import Request.
  Time since last request: 28540.142122 seconds.
  path: Assets/PlaceTRack.cs
  artifactKey: Guid(1f4884faa7fb9b2498344e3c6ddc09f1) Importer(815301076,1909f56bfc062723c751e8b465ee728b)
Start importing Assets/PlaceTRack.cs using Guid(1f4884faa7fb9b2498344e3c6ddc09f1) Importer(815301076,1909f56bfc062723c751e8b465ee728b)  -> (artifact id: 'bc5fa3df4d038cbc3911b629396b49a8') in 0.001925 seconds
Number of updated asset objects reloaded before import = 0
Number of asset objects unloaded after import = 0
========================================================================
Received Import Request.
  Time since last request: 5.809468 seconds.
  path: Assets/PlaceTrack.cs
  artifactKey: Guid(1f4884faa7fb9b2498344e3c6ddc09f1) Importer(815301076,1909f56bfc062723c751e8b465ee728b)
Start importing Assets/PlaceTrack.cs using Guid(1f4884faa7fb9b2498344e3c6ddc09f1) Importer(815301076,1909f56bfc062723c751e8b465ee728b)  -> (artifact id: 'f716116166cc995b514f1683de292744') in 0.000560 seconds
Number of updated asset objects reloaded before import = 0
Number of asset objects unloaded after import = 0
========================================================================
Received Prepare
Begin MonoManager ReloadAssembly
- Loaded All Assemblies, in  0.520 seconds
Refreshing native plugins compatible for Editor in 4.59 ms, found 4 plugins.
Native extension for WindowsStandalone target not found
Native extension for Android target not found
Native extension for WebGL target not found
[Package Manager] Server::EnsureServerProcessIsRunning -- launch failed, reason: Unity was launched with the -noUpm command-line argument
[Package Manager] UpmClient::Send -- Unable to send message (not connected to UPM process).
[Package Manager] Cannot connect to Unity Package Manager local server
[Package Manager] Server::EnsureServerProcessIsRunning -- launch failed, reason: Unity was launched with the -noUpm command-line argument
[Package Manager] UpmClient::Send -- Unable to send message (not connected to UPM process).
[Package Manager] Cannot connect to Unity Package Manager local server
Mono: successfully reloaded assembly
[Package Manager] Server::EnsureServerProcessIsRunning -- launch failed, reason: Unity was launched with the -noUpm command-line argument
[Package Manager] UpmClient::Send -- Unable to send message (not connected to UPM process).
[Package Manager] Cannot connect to Unity Package Manager local server
- Finished resetting the current domain, in  1.316 seconds
Domain Reload Profiling: 1833ms
	BeginReloadAssembly (191ms)
		ExecutionOrderSort (0ms)
		DisableScriptedObjects (5ms)
		BackupInstance (0ms)
		ReleaseScriptingObjects (0ms)
		CreateAndSetChildDomain (37ms)
	RebuildCommonClasses (36ms)
	RebuildNativeTypeToScriptingClass (13ms)
	initialDomainReloadingComplete (30ms)
	LoadAllAssembliesAndSetupDomain (246ms)
		LoadAssemblies (337ms)
		RebuildTransferFunctionScriptingTraits (0ms)
		AnalyzeDomain (16ms)
			TypeCache.Refresh (7ms)
				TypeCache.ScanAssembly (0ms)
			ScanForSourceGeneratedMonoScriptInfo (0ms)
			ResolveRequiredComponents (8ms)
	FinalizeReload (1317ms)
		ReleaseScriptCaches (0ms)
		RebuildScriptCaches (0ms)
		SetupLoadedEditorAssemblies (502ms)
			LogAssemblyErrors (0ms)
			InitializePlatformSupportModulesInManaged (27ms)
			SetLoadedEditorAssemblies (4ms)
			RefreshPlugins (0ms)
			BeforeProcessingInitializeOnLoad (79ms)
			ProcessInitializeOnLoadAttributes (343ms)
			ProcessInitializeOnLoadMethodAttributes (40ms)
			AfterProcessingInitializeOnLoad (8ms)
			EditorAssembliesLoaded (0ms)
		ExecutionOrderSort2 (0ms)
		AwakeInstancesAfterBackupRestoration (11ms)
Refreshing native plugins compatible for Editor in 5.06 ms, found 4 plugins.
Preloading 0 native plugins for Editor in 0.00 ms.
Unloading 4310 Unused Serialized files (Serialized files now loaded: 0)
Unloading 36 unused Assets / (1.2 MB). Loaded Objects now: 4800.
Memory consumption went from 162.0 MB to 160.7 MB.
Total: 4.540600 ms (FindLiveObjects: 0.304900 ms CreateObjectMapping: 0.162500 ms MarkObjects: 2.800500 ms  DeleteObjects: 1.271500 ms)

Prepare: number of updated asset objects reloaded= 0
AssetImportParameters requested are different than current active one (requested -> active):
  custom:container-demuxer-ogg: 62fdf1f143b41e24485cea50d1cbac27 -> 
  custom:video-codec-MediaFoundation-h265: 746d11721c4dcdbdad8f713fa42b33f4 -> 
  custom:video-decoder-ogg-theora: a1e56fd34408186e4bbccfd4996cb3dc -> 
  custom:framework-win-MediaFoundation: 216162199b28c13a410421893ffa2e32 -> 
  custom:CustomObjectIndexerAttribute: 756ad292c208cfabdd7b50bc23989ffe -> 
  custom:container-demuxer-webm: 4f35f7cbe854078d1ac9338744f61a02 -> 
  custom:container-muxer-webm: aa71ff27fc2769a1b78a27578f13a17b -> 
  custom:video-decoder-webm-vp8: 9c59270c3fd7afecdb556c50c9e8de78 -> 
  custom:SearchIndexIgnoredProperties: e643bd26f0fe6173181afceb89e7c659 -> 
  custom:AudioImporter_EditorPlatform: d09bf68614088b80899f8185d706f6e7 -> 
  custom:video-encoder-webm-vp8: eb34c28f22e8b96e1ab97ce403110664 -> 
  custom:audio-decoder-ogg-vorbis: bf7c407c2cedff20999df2af8eb42d56 -> 
  custom:audio-encoder-webm-vorbis: bf7c407c2cedff20999df2af8eb42d56 -> 
========================================================================
Received Prepare
Begin MonoManager ReloadAssembly
- Loaded All Assemblies, in  0.726 seconds
Refreshing native plugins compatible for Editor in 4.63 ms, found 4 plugins.
Native extension for WindowsStandalone target not found
Native extension for Android target not found
Native extension for WebGL target not found
[Package Manager] Server::EnsureServerProcessIsRunning -- launch failed, reason: Unity was launched with the -noUpm command-line argument
[Package Manager] UpmClient::Send -- Unable to send message (not connected to UPM process).
[Package Manager] Cannot connect to Unity Package Manager local server
[Package Manager] Server::EnsureServerProcessIsRunning -- launch failed, reason: Unity was launched with the -noUpm command-line argument
[Package Manager] UpmClient::Send -- Unable to send message (not connected to UPM process).
[Package Manager] Cannot connect to Unity Package Manager local server
Mono: successfully reloaded assembly
[Package Manager] Server::EnsureServerProcessIsRunning -- launch failed, reason: Unity was launched with the -noUpm command-line argument
[Package Manager] UpmClient::Send -- Unable to send message (not connected to UPM process).
[Package Manager] Cannot connect to Unity Package Manager local server
- Finished resetting the current domain, in  1.625 seconds
Domain Reload Profiling: 2344ms
	BeginReloadAssembly (343ms)
		ExecutionOrderSort (0ms)
		DisableScriptedObjects (10ms)
		BackupInstance (0ms)
		ReleaseScriptingObjects (0ms)
		CreateAndSetChildDomain (86ms)
	RebuildCommonClasses (46ms)
	RebuildNativeTypeToScriptingClass (13ms)
	initialDomainReloadingComplete (35ms)
	LoadAllAssembliesAndSetupDomain (282ms)
		LoadAssemblies (431ms)
		RebuildTransferFunctionScriptingTraits (0ms)
		AnalyzeDomain (36ms)
			TypeCache.Refresh (10ms)
				TypeCache.ScanAssembly (0ms)
			ScanForSourceGeneratedMonoScriptInfo (17ms)
			ResolveRequiredComponents (8ms)
	FinalizeReload (1625ms)
		ReleaseScriptCaches (0ms)
		RebuildScriptCaches (0ms)
		SetupLoadedEditorAssemblies (824ms)
			LogAssemblyErrors (0ms)
			InitializePlatformSupportModulesInManaged (43ms)
			SetLoadedEditorAssemblies (9ms)
			RefreshPlugins (0ms)
			BeforeProcessingInitializeOnLoad (137ms)
			ProcessInitializeOnLoadAttributes (554ms)
			ProcessInitializeOnLoadMethodAttributes (69ms)
			AfterProcessingInitializeOnLoad (12ms)
			EditorAssembliesLoaded (0ms)
		ExecutionOrderSort2 (0ms)
		AwakeInstancesAfterBackupRestoration (20ms)
Refreshing native plugins compatible for Editor in 4.55 ms, found 4 plugins.
Preloading 0 native plugins for Editor in 0.00 ms.
Unloading 4311 Unused Serialized files (Serialized files now loaded: 0)
Unloading 36 unused Assets / (1.2 MB). Loaded Objects now: 4804.
Memory consumption went from 164.2 MB to 162.9 MB.
Total: 3.808500 ms (FindLiveObjects: 0.322100 ms CreateObjectMapping: 0.197300 ms MarkObjects: 2.669500 ms  DeleteObjects: 0.618300 ms)

Prepare: number of updated asset objects reloaded= 0
AssetImportParameters requested are different than current active one (requested -> active):
  custom:container-demuxer-ogg: 62fdf1f143b41e24485cea50d1cbac27 -> 
  custom:video-codec-MediaFoundation-h265: 746d11721c4dcdbdad8f713fa42b33f4 -> 
  custom:video-decoder-ogg-theora: a1e56fd34408186e4bbccfd4996cb3dc -> 
  custom:framework-win-MediaFoundation: 216162199b28c13a410421893ffa2e32 -> 
  custom:CustomObjectIndexerAttribute: 756ad292c208cfabdd7b50bc23989ffe -> 
  custom:container-demuxer-webm: 4f35f7cbe854078d1ac9338744f61a02 -> 
  custom:container-muxer-webm: aa71ff27fc2769a1b78a27578f13a17b -> 
  custom:video-decoder-webm-vp8: 9c59270c3fd7afecdb556c50c9e8de78 -> 
  custom:SearchIndexIgnoredProperties: e643bd26f0fe6173181afceb89e7c659 -> 
  custom:AudioImporter_EditorPlatform: d09bf68614088b80899f8185d706f6e7 -> 
  custom:video-encoder-webm-vp8: eb34c28f22e8b96e1ab97ce403110664 -> 
  custom:audio-decoder-ogg-vorbis: bf7c407c2cedff20999df2af8eb42d56 -> 
  custom:audio-encoder-webm-vorbis: bf7c407c2cedff20999df2af8eb42d56 -> 
========================================================================
Received Prepare
Begin MonoManager ReloadAssembly
- Loaded All Assemblies, in  0.561 seconds
Refreshing native plugins compatible for Editor in 6.52 ms, found 4 plugins.
Native extension for WindowsStandalone target not found
Native extension for Android target not found
Native extension for WebGL target not found
[Package Manager] Server::EnsureServerProcessIsRunning -- launch failed, reason: Unity was launched with the -noUpm command-line argument
[Package Manager] UpmClient::Send -- Unable to send message (not connected to UPM process).
[Package Manager] Cannot connect to Unity Package Manager local server
[Package Manager] Server::EnsureServerProcessIsRunning -- launch failed, reason: Unity was launched with the -noUpm command-line argument
[Package Manager] UpmClient::Send -- Unable to send message (not connected to UPM process).
[Package Manager] Cannot connect to Unity Package Manager local server
Mono: successfully reloaded assembly
[Package Manager] Server::EnsureServerProcessIsRunning -- launch failed, reason: Unity was launched with the -noUpm command-line argument
[Package Manager] UpmClient::Send -- Unable to send message (not connected to UPM process).
[Package Manager] Cannot connect to Unity Package Manager local server
- Finished resetting the current domain, in  1.238 seconds
Domain Reload Profiling: 1795ms
	BeginReloadAssembly (198ms)
		ExecutionOrderSort (0ms)
		DisableScriptedObjects (7ms)
		BackupInstance (0ms)
		ReleaseScriptingObjects (0ms)
		CreateAndSetChildDomain (43ms)
	RebuildCommonClasses (40ms)
	RebuildNativeTypeToScriptingClass (15ms)
	initialDomainReloadingComplete (35ms)
	LoadAllAssembliesAndSetupDomain (268ms)
		LoadAssemblies (340ms)
		RebuildTransferFunctionScriptingTraits (0ms)
		AnalyzeDomain (36ms)
			TypeCache.Refresh (10ms)
				TypeCache.ScanAssembly (0ms)
			ScanForSourceGeneratedMonoScriptInfo (16ms)
			ResolveRequiredComponents (9ms)
	FinalizeReload (1239ms)
		ReleaseScriptCaches (0ms)
		RebuildScriptCaches (0ms)
		SetupLoadedEditorAssemblies (501ms)
			LogAssemblyErrors (0ms)
			InitializePlatformSupportModulesInManaged (27ms)
			SetLoadedEditorAssemblies (6ms)
			RefreshPlugins (0ms)
			BeforeProcessingInitializeOnLoad (92ms)
			ProcessInitializeOnLoadAttributes (323ms)
			ProcessInitializeOnLoadMethodAttributes (46ms)
			AfterProcessingInitializeOnLoad (7ms)
			EditorAssembliesLoaded (0ms)
		ExecutionOrderSort2 (0ms)
		AwakeInstancesAfterBackupRestoration (13ms)
Refreshing native plugins compatible for Editor in 4.79 ms, found 4 plugins.
Preloading 0 native plugins for Editor in 0.00 ms.
Unloading 4311 Unused Serialized files (Serialized files now loaded: 0)
Unloading 36 unused Assets / (1.1 MB). Loaded Objects now: 4808.
Memory consumption went from 166.0 MB to 164.9 MB.
Total: 4.974000 ms (FindLiveObjects: 0.366900 ms CreateObjectMapping: 0.210800 ms MarkObjects: 3.696500 ms  DeleteObjects: 0.698300 ms)

Prepare: number of updated asset objects reloaded= 0
AssetImportParameters requested are different than current active one (requested -> active):
  custom:container-demuxer-ogg: 62fdf1f143b41e24485cea50d1cbac27 -> 
  custom:video-codec-MediaFoundation-h265: 746d11721c4dcdbdad8f713fa42b33f4 -> 
  custom:video-decoder-ogg-theora: a1e56fd34408186e4bbccfd4996cb3dc -> 
  custom:framework-win-MediaFoundation: 216162199b28c13a410421893ffa2e32 -> 
  custom:CustomObjectIndexerAttribute: 756ad292c208cfabdd7b50bc23989ffe -> 
  custom:container-demuxer-webm: 4f35f7cbe854078d1ac9338744f61a02 -> 
  custom:container-muxer-webm: aa71ff27fc2769a1b78a27578f13a17b -> 
  custom:video-decoder-webm-vp8: 9c59270c3fd7afecdb556c50c9e8de78 -> 
  custom:SearchIndexIgnoredProperties: e643bd26f0fe6173181afceb89e7c659 -> 
  custom:AudioImporter_EditorPlatform: d09bf68614088b80899f8185d706f6e7 -> 
  custom:video-encoder-webm-vp8: eb34c28f22e8b96e1ab97ce403110664 -> 
  custom:audio-decoder-ogg-vorbis: bf7c407c2cedff20999df2af8eb42d56 -> 
  custom:audio-encoder-webm-vorbis: bf7c407c2cedff20999df2af8eb42d56 -> 
========================================================================
Received Import Request.
  Time since last request: 276.344084 seconds.
  path: Assets/XR/UserSimulationSettings/Resources/XRSimulationPreferences.asset
  artifactKey: Guid(8b0d550ea1865ae459b2eab231570f23) Importer(815301076,1909f56bfc062723c751e8b465ee728b)
Start importing Assets/XR/UserSimulationSettings/Resources/XRSimulationPreferences.asset using Guid(8b0d550ea1865ae459b2eab231570f23) Importer(815301076,1909f56bfc062723c751e8b465ee728b)  -> (artifact id: '3be0ca2028f9fce7b60c7b2ef8195277') in 0.054747 seconds
Number of updated asset objects reloaded before import = 0
Number of asset objects unloaded after import = 39
========================================================================
Received Import Request.
  Time since last request: 186.965019 seconds.
  path: Assets/New Prefab.prefab
  artifactKey: Guid(6ad154ea1e66b04479faddfdfecabb77) Importer(815301076,1909f56bfc062723c751e8b465ee728b)
Start importing Assets/New Prefab.prefab using Guid(6ad154ea1e66b04479faddfdfecabb77) Importer(815301076,1909f56bfc062723c751e8b465ee728b)  -> (artifact id: 'ccaa1a31f1e73bbbe6834c3c9e81d768') in 0.030778 seconds
Number of updated asset objects reloaded before import = 0
Number of asset objects unloaded after import = 4
========================================================================
Received Import Request.
  Time since last request: 31.031897 seconds.
  path: Assets/Portrait.prefab
  artifactKey: Guid(6ad154ea1e66b04479faddfdfecabb77) Importer(815301076,1909f56bfc062723c751e8b465ee728b)
Start importing Assets/Portrait.prefab using Guid(6ad154ea1e66b04479faddfdfecabb77) Importer(815301076,1909f56bfc062723c751e8b465ee728b)  -> (artifact id: '805a4855aabd2f123646b1a7a2bdd95b') in 0.003306 seconds
Number of updated asset objects reloaded before import = 0
Number of asset objects unloaded after import = 4
========================================================================
Received Import Request.
  Time since last request: 69.510585 seconds.
  path: Assets/Super Mario.prefab
  artifactKey: Guid(bab5629fbe47eb3449b9c27363f9c1ec) Importer(815301076,1909f56bfc062723c751e8b465ee728b)
Start importing Assets/Super Mario.prefab using Guid(bab5629fbe47eb3449b9c27363f9c1ec) Importer(815301076,1909f56bfc062723c751e8b465ee728b)  -> (artifact id: '6f088b2b671ae879f4abeac2bf0cce53') in 0.003431 seconds
Number of updated asset objects reloaded before import = 0
Number of asset objects unloaded after import = 4
========================================================================
Received Import Request.
  Time since last request: 8.891976 seconds.
  path: Assets/Telefon.prefab
  artifactKey: Guid(aba6c5d3306c15547a9d68246417ab11) Importer(815301076,1909f56bfc062723c751e8b465ee728b)
Start importing Assets/Telefon.prefab using Guid(aba6c5d3306c15547a9d68246417ab11) Importer(815301076,1909f56bfc062723c751e8b465ee728b)  -> (artifact id: '0d1dd3d10b7a296fce0b59c18e2e705f') in 0.002890 seconds
Number of updated asset objects reloaded before import = 0
Number of asset objects unloaded after import = 4
========================================================================
Received Import Request.
  Time since last request: 157.440093 seconds.
  path: Assets/Portrait
  artifactKey: Guid(c6944dbd209c02a49b1899b1cbb8f1bc) Importer(815301076,1909f56bfc062723c751e8b465ee728b)
Start importing Assets/Portrait using Guid(c6944dbd209c02a49b1899b1cbb8f1bc) Importer(815301076,1909f56bfc062723c751e8b465ee728b)  -> (artifact id: '6c6e9881464c9548da40c14a9afb78b3') in 0.001015 seconds
Number of updated asset objects reloaded before import = 0
Number of asset objects unloaded after import = 0
========================================================================
Received Import Request.
  Time since last request: 0.107532 seconds.
  path: Assets/Portrait/1_1year.png
  artifactKey: Guid(020b3b01af442bb4bad8dc4779175939) Importer(815301076,1909f56bfc062723c751e8b465ee728b)
Start importing Assets/Portrait/1_1year.png using Guid(020b3b01af442bb4bad8dc4779175939) Importer(815301076,1909f56bfc062723c751e8b465ee728b)  -> (artifact id: 'be29d8dbed54fbb7ceffb63f2aadb96a') in 0.173027 seconds
Number of updated asset objects reloaded before import = 0
Number of asset objects unloaded after import = 2
========================================================================
Received Import Request.
  Time since last request: 0.000029 seconds.
  path: Assets/Portrait/19_56years.png
  artifactKey: Guid(d7050ce9d614c5c4e8ca5cf2305ac736) Importer(815301076,1909f56bfc062723c751e8b465ee728b)
Start importing Assets/Portrait/19_56years.png using Guid(d7050ce9d614c5c4e8ca5cf2305ac736) Importer(815301076,1909f56bfc062723c751e8b465ee728b)  -> (artifact id: 'b7b6b0e340a48568926a0a070cca4b8f') in 0.119777 seconds
Number of updated asset objects reloaded before import = 0
Number of asset objects unloaded after import = 2
========================================================================
Received Import Request.
  Time since last request: 0.000031 seconds.
  path: Assets/Portrait/6_0Background.jpg
  artifactKey: Guid(6fbc03f1f79a9bb4bb03cc5c8d9256e5) Importer(815301076,1909f56bfc062723c751e8b465ee728b)
Start importing Assets/Portrait/6_0Background.jpg using Guid(6fbc03f1f79a9bb4bb03cc5c8d9256e5) Importer(815301076,1909f56bfc062723c751e8b465ee728b)  -> (artifact id: 'f179676f598017bacda3e31dc33a0051') in 0.101765 seconds
Number of updated asset objects reloaded before import = 0
Number of asset objects unloaded after import = 2
========================================================================
Received Import Request.
  Time since last request: 0.000023 seconds.
  path: Assets/Portrait/12_0Background.jpg
  artifactKey: Guid(297da25406cbcba4c95c94d3389b3892) Importer(815301076,1909f56bfc062723c751e8b465ee728b)
Start importing Assets/Portrait/12_0Background.jpg using Guid(297da25406cbcba4c95c94d3389b3892) Importer(815301076,1909f56bfc062723c751e8b465ee728b)  -> (artifact id: 'db5a9fdd795bb603cd8319ddf7085044') in 0.127830 seconds
Number of updated asset objects reloaded before import = 0
Number of asset objects unloaded after import = 2
========================================================================
Received Import Request.
  Time since last request: 0.000018 seconds.
  path: Assets/Portrait/3_5years.png
  artifactKey: Guid(1af8bbb8ba63c264cb2c8b64ac7c05b6) Importer(815301076,1909f56bfc062723c751e8b465ee728b)
Start importing Assets/Portrait/3_5years.png using Guid(1af8bbb8ba63c264cb2c8b64ac7c05b6) Importer(815301076,1909f56bfc062723c751e8b465ee728b)  -> (artifact id: '5ed38f1ff95b97c6c56e8b52727335af') in 0.109497 seconds
Number of updated asset objects reloaded before import = 0
Number of asset objects unloaded after import = 2
========================================================================
Received Import Request.
  Time since last request: 0.000125 seconds.
  path: Assets/Portrait/16_40years.png
  artifactKey: Guid(7cec7085e71fa5a4fbec7873c9824069) Importer(815301076,1909f56bfc062723c751e8b465ee728b)
Start importing Assets/Portrait/16_40years.png using Guid(7cec7085e71fa5a4fbec7873c9824069) Importer(815301076,1909f56bfc062723c751e8b465ee728b)  -> (artifact id: 'efe48f9d023c779b45f0a847670588bd') in 0.115367 seconds
Number of updated asset objects reloaded before import = 0
Number of asset objects unloaded after import = 2
========================================================================
Received Import Request.
  Time since last request: 0.000042 seconds.
  path: Assets/Portrait/4_7years.png
  artifactKey: Guid(bd9c97cf94042b04987c61a1de3c09a8) Importer(815301076,1909f56bfc062723c751e8b465ee728b)
Start importing Assets/Portrait/4_7years.png using Guid(bd9c97cf94042b04987c61a1de3c09a8) Importer(815301076,1909f56bfc062723c751e8b465ee728b)  -> (artifact id: '5825221702405f554d72277925b5cfd0') in 0.121977 seconds
Number of updated asset objects reloaded before import = 0
Number of asset objects unloaded after import = 2
========================================================================
Received Import Request.
  Time since last request: 0.000029 seconds.
  path: Assets/Portrait/9_20years.png
  artifactKey: Guid(2f20aa08c52f65d4c984a6e58eac68cf) Importer(815301076,1909f56bfc062723c751e8b465ee728b)
Start importing Assets/Portrait/9_20years.png using Guid(2f20aa08c52f65d4c984a6e58eac68cf) Importer(815301076,1909f56bfc062723c751e8b465ee728b)  -> (artifact id: '26c8abff5eacc50a9c19cdca0f9fc44d') in 0.120061 seconds
Number of updated asset objects reloaded before import = 0
Number of asset objects unloaded after import = 2
========================================================================
Received Import Request.
  Time since last request: 0.000025 seconds.
  path: Assets/Portrait/2_4year.png
  artifactKey: Guid(cd9af5c897c21f3488a99df82d7fbbe4) Importer(815301076,1909f56bfc062723c751e8b465ee728b)
Start importing Assets/Portrait/2_4year.png using Guid(cd9af5c897c21f3488a99df82d7fbbe4) Importer(815301076,1909f56bfc062723c751e8b465ee728b)  -> (artifact id: '2f8d338270141427e3b6c4a377e42215') in 0.117240 seconds
Number of updated asset objects reloaded before import = 0
Number of asset objects unloaded after import = 2
========================================================================
Received Import Request.
  Time since last request: 0.000017 seconds.
  path: Assets/Portrait/8_19years.png
  artifactKey: Guid(05f880c2bfe2d5b4bac717ac5637f118) Importer(815301076,1909f56bfc062723c751e8b465ee728b)
Start importing Assets/Portrait/8_19years.png using Guid(05f880c2bfe2d5b4bac717ac5637f118) Importer(815301076,1909f56bfc062723c751e8b465ee728b)  -> (artifact id: '90db3771786bd31f2e9f8ac9741fed3f') in 0.118964 seconds
Number of updated asset objects reloaded before import = 0
Number of asset objects unloaded after import = 2
========================================================================
Received Import Request.
  Time since last request: 0.000024 seconds.
  path: Assets/Portrait/14_32years.png
  artifactKey: Guid(39917eee524f0d643859d31e868b396b) Importer(815301076,1909f56bfc062723c751e8b465ee728b)
Start importing Assets/Portrait/14_32years.png using Guid(39917eee524f0d643859d31e868b396b) Importer(815301076,1909f56bfc062723c751e8b465ee728b)  -> (artifact id: '0be9a2ae1a55b8e37454838b7a99b736') in 0.124507 seconds
Number of updated asset objects reloaded before import = 0
Number of asset objects unloaded after import = 2
========================================================================
Received Import Request.
  Time since last request: 0.000033 seconds.
  path: Assets/Portrait/23_78years.png
  artifactKey: Guid(ff98fbea4fe562a4295af1d379d6438f) Importer(815301076,1909f56bfc062723c751e8b465ee728b)
Start importing Assets/Portrait/23_78years.png using Guid(ff98fbea4fe562a4295af1d379d6438f) Importer(815301076,1909f56bfc062723c751e8b465ee728b)  -> (artifact id: '197f75519f6163355e635f6b5da2e77a') in 0.126191 seconds
Number of updated asset objects reloaded before import = 0
Number of asset objects unloaded after import = 2
========================================================================
Received Import Request.
  Time since last request: 0.000022 seconds.
  path: Assets/Portrait/11_23years.png
  artifactKey: Guid(d3d88d1a8a8faab458aa44e00ee9a3d1) Importer(815301076,1909f56bfc062723c751e8b465ee728b)
Start importing Assets/Portrait/11_23years.png using Guid(d3d88d1a8a8faab458aa44e00ee9a3d1) Importer(815301076,1909f56bfc062723c751e8b465ee728b)  -> (artifact id: 'def212f2b2b2b0380ee34ca11085ef7a') in 0.125761 seconds
Number of updated asset objects reloaded before import = 0
Number of asset objects unloaded after import = 2
========================================================================
Received Import Request.
  Time since last request: 0.000115 seconds.
  path: Assets/Portrait/12_26years.png
  artifactKey: Guid(be2071daa2aaad847bd65e5d15e5b4ad) Importer(815301076,1909f56bfc062723c751e8b465ee728b)
Start importing Assets/Portrait/12_26years.png using Guid(be2071daa2aaad847bd65e5d15e5b4ad) Importer(815301076,1909f56bfc062723c751e8b465ee728b)  -> (artifact id: 'e43b31be986d210690edcc9132ef5c9d') in 0.135185 seconds
Number of updated asset objects reloaded before import = 0
Number of asset objects unloaded after import = 2
========================================================================
Received Import Request.
  Time since last request: 0.000034 seconds.
  path: Assets/Portrait/18_50years.png
  artifactKey: Guid(808286afbaedca843a32fd2930478247) Importer(815301076,1909f56bfc062723c751e8b465ee728b)
Start importing Assets/Portrait/18_50years.png using Guid(808286afbaedca843a32fd2930478247) Importer(815301076,1909f56bfc062723c751e8b465ee728b)  -> (artifact id: '91f7869958e67efd346ce46534cb6442') in 0.098898 seconds
Number of updated asset objects reloaded before import = 0
Number of asset objects unloaded after import = 2
========================================================================
Received Import Request.
  Time since last request: 22.344627 seconds.
  path: Assets/mario/1985_SuperMarioBro.mp4
  artifactKey: Guid(8056c7cd8aa25ce40b98f5771c2fe92e) Importer(815301076,1909f56bfc062723c751e8b465ee728b)
Start importing Assets/mario/1985_SuperMarioBro.mp4 using Guid(8056c7cd8aa25ce40b98f5771c2fe92e) Importer(815301076,1909f56bfc062723c751e8b465ee728b)  -> (artifact id: '8671147770a03177ffc71da4b61a144a') in 0.001903 seconds
Number of updated asset objects reloaded before import = 0
Number of asset objects unloaded after import = 1
========================================================================
Received Import Request.
  Time since last request: 0.000064 seconds.
  path: Assets/mario/1988_SuperMarioBros2.mp4
  artifactKey: Guid(090e360dcbe93814d97c1d45a701847c) Importer(815301076,1909f56bfc062723c751e8b465ee728b)
Start importing Assets/mario/1988_SuperMarioBros2.mp4 using Guid(090e360dcbe93814d97c1d45a701847c) Importer(815301076,1909f56bfc062723c751e8b465ee728b)  -> (artifact id: '5ef01b09535038a249b3943440174df7') in 0.001234 seconds
Number of updated asset objects reloaded before import = 0
Number of asset objects unloaded after import = 1
========================================================================
Received Import Request.
  Time since last request: 0.000024 seconds.
  path: Assets/mario/1990_SuperMarioWorld.mp4
  artifactKey: Guid(519abb18922205d448287d6ecf752c6d) Importer(815301076,1909f56bfc062723c751e8b465ee728b)
Start importing Assets/mario/1990_SuperMarioWorld.mp4 using Guid(519abb18922205d448287d6ecf752c6d) Importer(815301076,1909f56bfc062723c751e8b465ee728b)  -> (artifact id: '9afa1d4bacc1039e6629824427feea2b') in 0.001443 seconds
Number of updated asset objects reloaded before import = 0
Number of asset objects unloaded after import = 1
========================================================================
Received Import Request.
  Time since last request: 0.000020 seconds.
  path: Assets/mario/1996_SuperMario64.mp4
  artifactKey: Guid(fee86c63f3781124ea0567218d6b5e7c) Importer(815301076,1909f56bfc062723c751e8b465ee728b)
Start importing Assets/mario/1996_SuperMario64.mp4 using Guid(fee86c63f3781124ea0567218d6b5e7c) Importer(815301076,1909f56bfc062723c751e8b465ee728b)  -> (artifact id: 'b047711c24c29d0d3312a06261cc99b3') in 0.001504 seconds
Number of updated asset objects reloaded before import = 0
Number of asset objects unloaded after import = 1
========================================================================
Received Import Request.
  Time since last request: 0.000047 seconds.
  path: Assets/mario/2004_SuperMario64DS.mp4
  artifactKey: Guid(728e6998377b9754ca0a41a64b026e09) Importer(815301076,1909f56bfc062723c751e8b465ee728b)
Start importing Assets/mario/2004_SuperMario64DS.mp4 using Guid(728e6998377b9754ca0a41a64b026e09) Importer(815301076,1909f56bfc062723c751e8b465ee728b)  -> (artifact id: '437f1e0c73572b42147a21ff6d3511b7') in 0.001311 seconds
Number of updated asset objects reloaded before import = 0
Number of asset objects unloaded after import = 1
========================================================================
Received Import Request.
  Time since last request: 0.000039 seconds.
  path: Assets/mario/2012_NewSuperMarioBros2.mp4
  artifactKey: Guid(8bfb7997a0aa711418a43b0843e64a76) Importer(815301076,1909f56bfc062723c751e8b465ee728b)
Start importing Assets/mario/2012_NewSuperMarioBros2.mp4 using Guid(8bfb7997a0aa711418a43b0843e64a76) Importer(815301076,1909f56bfc062723c751e8b465ee728b)  -> (artifact id: '4867b39580e03608fa1bdf070f8b3a50') in 0.001483 seconds
Number of updated asset objects reloaded before import = 0
Number of asset objects unloaded after import = 1
========================================================================
Received Import Request.
  Time since last request: 0.000174 seconds.
  path: Assets/mario/2009_NewSuperMarioBrosWii.mp4
  artifactKey: Guid(3261ac4c50ba07043a7dc900d4d1841d) Importer(815301076,1909f56bfc062723c751e8b465ee728b)
Start importing Assets/mario/2009_NewSuperMarioBrosWii.mp4 using Guid(3261ac4c50ba07043a7dc900d4d1841d) Importer(815301076,1909f56bfc062723c751e8b465ee728b)  -> (artifact id: '90bf2c0c6bdb91cf6e51f1f4b8e2d711') in 0.001118 seconds
Number of updated asset objects reloaded before import = 0
Number of asset objects unloaded after import = 1
========================================================================
Received Import Request.
  Time since last request: 0.000055 seconds.
  path: Assets/mario/2021_Bowser'sFury.mp4
  artifactKey: Guid(951c244ba52544348b3be08b3112202b) Importer(815301076,1909f56bfc062723c751e8b465ee728b)
Start importing Assets/mario/2021_Bowser'sFury.mp4 using Guid(951c244ba52544348b3be08b3112202b) Importer(815301076,1909f56bfc062723c751e8b465ee728b)  -> (artifact id: 'c83b16520688561da872f50a9b1861af') in 0.001916 seconds
Number of updated asset objects reloaded before import = 0
Number of asset objects unloaded after import = 1
========================================================================
Received Import Request.
  Time since last request: 0.000166 seconds.
  path: Assets/mario/2017_SuperMarioOdyssey.mp4
  artifactKey: Guid(da6697f011f4f264983b0de55865b7a8) Importer(815301076,1909f56bfc062723c751e8b465ee728b)
Start importing Assets/mario/2017_SuperMarioOdyssey.mp4 using Guid(da6697f011f4f264983b0de55865b7a8) Importer(815301076,1909f56bfc062723c751e8b465ee728b)  -> (artifact id: 'a8ad63215139ee34516cd706f8ccb568') in 0.001389 seconds
Number of updated asset objects reloaded before import = 0
Number of asset objects unloaded after import = 1
========================================================================
Received Import Request.
  Time since last request: 0.000103 seconds.
  path: Assets/mario/2013_SuperMario3DWorld.mp4
  artifactKey: Guid(49308fbb9f0c59d45a06cac6f3918791) Importer(815301076,1909f56bfc062723c751e8b465ee728b)
Start importing Assets/mario/2013_SuperMario3DWorld.mp4 using Guid(49308fbb9f0c59d45a06cac6f3918791) Importer(815301076,1909f56bfc062723c751e8b465ee728b)  -> (artifact id: 'd374eda5449153d10e2d71723a507e83') in 0.001916 seconds
Number of updated asset objects reloaded before import = 0
Number of asset objects unloaded after import = 1
========================================================================
Received Import Request.
  Time since last request: 0.000157 seconds.
  path: Assets/mario/1993_SuperMarioAllStars.mp4
  artifactKey: Guid(260ea101906c7d342b07253981a1e3da) Importer(815301076,1909f56bfc062723c751e8b465ee728b)
Start importing Assets/mario/1993_SuperMarioAllStars.mp4 using Guid(260ea101906c7d342b07253981a1e3da) Importer(815301076,1909f56bfc062723c751e8b465ee728b)  -> (artifact id: '1c421f6d28c2bd92c0bcacb0d9e2b429') in 0.001136 seconds
Number of updated asset objects reloaded before import = 0
Number of asset objects unloaded after import = 1
========================================================================
Received Import Request.
  Time since last request: 6.515776 seconds.
  path: Assets/mario
  artifactKey: Guid(36776566f39f6bf48b49cc88b4ec9aaf) Importer(815301076,1909f56bfc062723c751e8b465ee728b)
Start importing Assets/mario using Guid(36776566f39f6bf48b49cc88b4ec9aaf) Importer(815301076,1909f56bfc062723c751e8b465ee728b)  -> (artifact id: '72e0e113247b384107d69c2c81da9b81') in 0.000538 seconds
Number of updated asset objects reloaded before import = 0
Number of asset objects unloaded after import = 0
========================================================================
Received Import Request.
  Time since last request: 63.496369 seconds.
  path: Assets/Super Mario.prefab
  artifactKey: Guid(bab5629fbe47eb3449b9c27363f9c1ec) Importer(815301076,1909f56bfc062723c751e8b465ee728b)
Start importing Assets/Super Mario.prefab using Guid(bab5629fbe47eb3449b9c27363f9c1ec) Importer(815301076,1909f56bfc062723c751e8b465ee728b)  -> (artifact id: '724f094e216229193db03e3837cf9a5b') in 0.004554 seconds
Number of updated asset objects reloaded before import = 0
Number of asset objects unloaded after import = 8
========================================================================
Received Import Request.
  Time since last request: 7.874752 seconds.
  path: Assets/Portrait.prefab
  artifactKey: Guid(6ad154ea1e66b04479faddfdfecabb77) Importer(815301076,1909f56bfc062723c751e8b465ee728b)
Start importing Assets/Portrait.prefab using Guid(6ad154ea1e66b04479faddfdfecabb77) Importer(815301076,1909f56bfc062723c751e8b465ee728b)  -> (artifact id: '6c2ddc2232291e9608055ac5a1666232') in 0.074086 seconds
Number of updated asset objects reloaded before import = 0
Number of asset objects unloaded after import = 9
========================================================================
Received Import Request.
  Time since last request: 9.165476 seconds.
  path: Assets/Super Mario.prefab
  artifactKey: Guid(bab5629fbe47eb3449b9c27363f9c1ec) Importer(815301076,1909f56bfc062723c751e8b465ee728b)
Start importing Assets/Super Mario.prefab using Guid(bab5629fbe47eb3449b9c27363f9c1ec) Importer(815301076,1909f56bfc062723c751e8b465ee728b)  -> (artifact id: '648c7f0601a54ef33c3c69e4d35f0563') in 0.003043 seconds
Number of updated asset objects reloaded before import = 0
Number of asset objects unloaded after import = 8
========================================================================
Received Import Request.
  Time since last request: 147.542630 seconds.
  path: Assets/Telefon.prefab
  artifactKey: Guid(aba6c5d3306c15547a9d68246417ab11) Importer(815301076,1909f56bfc062723c751e8b465ee728b)
Start importing Assets/Telefon.prefab using Guid(aba6c5d3306c15547a9d68246417ab11) Importer(815301076,1909f56bfc062723c751e8b465ee728b)  -> (artifact id: 'b18b273c2866c84b33f3ef06864e3a63') in 0.022842 seconds
Number of updated asset objects reloaded before import = 0
Number of asset objects unloaded after import = 9
========================================================================
Received Import Request.
  Time since last request: 5.616012 seconds.
  path: Assets/Telefon.prefab
  artifactKey: Guid(aba6c5d3306c15547a9d68246417ab11) Importer(815301076,1909f56bfc062723c751e8b465ee728b)
Start importing Assets/Telefon.prefab using Guid(aba6c5d3306c15547a9d68246417ab11) Importer(815301076,1909f56bfc062723c751e8b465ee728b)  -> (artifact id: '5058c8e7d0a7f3aa739944f1ba57a70f') in 0.018560 seconds
Number of updated asset objects reloaded before import = 0
Number of asset objects unloaded after import = 9
========================================================================
Received Import Request.
  Time since last request: 5.026456 seconds.
  path: Assets/Telefon.prefab
  artifactKey: Guid(aba6c5d3306c15547a9d68246417ab11) Importer(815301076,1909f56bfc062723c751e8b465ee728b)
Start importing Assets/Telefon.prefab using Guid(aba6c5d3306c15547a9d68246417ab11) Importer(815301076,1909f56bfc062723c751e8b465ee728b)  -> (artifact id: '690a8e4c72a16b67a591325ab7018043') in 0.021607 seconds
Number of updated asset objects reloaded before import = 0
Number of asset objects unloaded after import = 9
========================================================================
Received Import Request.
  Time since last request: 1.192472 seconds.
  path: Assets/Telefon.prefab
  artifactKey: Guid(aba6c5d3306c15547a9d68246417ab11) Importer(815301076,1909f56bfc062723c751e8b465ee728b)
Start importing Assets/Telefon.prefab using Guid(aba6c5d3306c15547a9d68246417ab11) Importer(815301076,1909f56bfc062723c751e8b465ee728b)  -> (artifact id: 'bb9fe0a19f57cf69c676933c215b0d70') in 0.010897 seconds
Number of updated asset objects reloaded before import = 0
Number of asset objects unloaded after import = 9
========================================================================
Received Import Request.
  Time since last request: 24.020382 seconds.
  path: Assets/Portrait.prefab
  artifactKey: Guid(6ad154ea1e66b04479faddfdfecabb77) Importer(815301076,1909f56bfc062723c751e8b465ee728b)
Start importing Assets/Portrait.prefab using Guid(6ad154ea1e66b04479faddfdfecabb77) Importer(815301076,1909f56bfc062723c751e8b465ee728b)  -> (artifact id: 'ed8b85b562cf4e427220d278d5b1804e') in 0.010700 seconds
Number of updated asset objects reloaded before import = 0
Number of asset objects unloaded after import = 13
========================================================================
Received Import Request.
  Time since last request: 18.902051 seconds.
  path: Assets/Portrait.prefab
  artifactKey: Guid(6ad154ea1e66b04479faddfdfecabb77) Importer(815301076,1909f56bfc062723c751e8b465ee728b)
Start importing Assets/Portrait.prefab using Guid(6ad154ea1e66b04479faddfdfecabb77) Importer(815301076,1909f56bfc062723c751e8b465ee728b)  -> (artifact id: '53ba335629be69a81a43ef2e5fe9ee24') in 0.002782 seconds
Number of updated asset objects reloaded before import = 0
Number of asset objects unloaded after import = 13
========================================================================
Received Import Request.
  Time since last request: 2.239334 seconds.
  path: Assets/Portrait.prefab
  artifactKey: Guid(6ad154ea1e66b04479faddfdfecabb77) Importer(815301076,1909f56bfc062723c751e8b465ee728b)
Start importing Assets/Portrait.prefab using Guid(6ad154ea1e66b04479faddfdfecabb77) Importer(815301076,1909f56bfc062723c751e8b465ee728b)  -> (artifact id: 'cbe0d4fb47bf5045ff20ee1bb81df443') in 0.002975 seconds
Number of updated asset objects reloaded before import = 0
Number of asset objects unloaded after import = 13
========================================================================
Received Import Request.
  Time since last request: 251.678451 seconds.
  path: Assets/Portrait/1_1year.png
  artifactKey: Guid(020b3b01af442bb4bad8dc4779175939) Importer(815301076,1909f56bfc062723c751e8b465ee728b)
Start importing Assets/Portrait/1_1year.png using Guid(020b3b01af442bb4bad8dc4779175939) Importer(815301076,1909f56bfc062723c751e8b465ee728b)  -> (artifact id: 'bfd8c3b2fef2f3a2a704c7543f4095e5') in 0.092915 seconds
Number of updated asset objects reloaded before import = 0
Number of asset objects unloaded after import = 3
========================================================================
Received Import Request.
  Time since last request: 15.266834 seconds.
  path: Assets/Portrait/2_4year.png
  artifactKey: Guid(cd9af5c897c21f3488a99df82d7fbbe4) Importer(815301076,1909f56bfc062723c751e8b465ee728b)
Start importing Assets/Portrait/2_4year.png using Guid(cd9af5c897c21f3488a99df82d7fbbe4) Importer(815301076,1909f56bfc062723c751e8b465ee728b)  -> (artifact id: 'cd4641e136de5c426e7982ff763e61b4') in 0.062561 seconds
Number of updated asset objects reloaded before import = 0
Number of asset objects unloaded after import = 3
========================================================================
Received Import Request.
  Time since last request: 12.061063 seconds.
  path: Assets/Portrait/3_5years.png
  artifactKey: Guid(1af8bbb8ba63c264cb2c8b64ac7c05b6) Importer(815301076,1909f56bfc062723c751e8b465ee728b)
Start importing Assets/Portrait/3_5years.png using Guid(1af8bbb8ba63c264cb2c8b64ac7c05b6) Importer(815301076,1909f56bfc062723c751e8b465ee728b)  -> (artifact id: '4ec2537f4498a2aa3de5526f6d85a922') in 0.063440 seconds
Number of updated asset objects reloaded before import = 0
Number of asset objects unloaded after import = 3
========================================================================
Received Import Request.
  Time since last request: 25.559672 seconds.
  path: Assets/Portrait/4_7years.png
  artifactKey: Guid(bd9c97cf94042b04987c61a1de3c09a8) Importer(815301076,1909f56bfc062723c751e8b465ee728b)
Start importing Assets/Portrait/4_7years.png using Guid(bd9c97cf94042b04987c61a1de3c09a8) Importer(815301076,1909f56bfc062723c751e8b465ee728b)  -> (artifact id: '6a06a2530ac95be9a7d8c15b3ca38ee5') in 0.060165 seconds
Number of updated asset objects reloaded before import = 0
Number of asset objects unloaded after import = 3
========================================================================
Received Import Request.
  Time since last request: 5.971760 seconds.
  path: Assets/Portrait/5_10years.png
  artifactKey: Guid(34fcde4e193173c40802a430bc216688) Importer(815301076,1909f56bfc062723c751e8b465ee728b)
Start importing Assets/Portrait/5_10years.png using Guid(34fcde4e193173c40802a430bc216688) Importer(815301076,1909f56bfc062723c751e8b465ee728b)  -> (artifact id: 'a73a098145a92c20f6107246ddc86320') in 0.052011 seconds
Number of updated asset objects reloaded before import = 0
Number of asset objects unloaded after import = 3
========================================================================
Received Import Request.
  Time since last request: 6.002654 seconds.
  path: Assets/Portrait/6_14years.png
  artifactKey: Guid(677c42f52211cc64daaca625b606775a) Importer(815301076,1909f56bfc062723c751e8b465ee728b)
Start importing Assets/Portrait/6_14years.png using Guid(677c42f52211cc64daaca625b606775a) Importer(815301076,1909f56bfc062723c751e8b465ee728b)  -> (artifact id: 'f338f651a3c7fdd09cb3bee3a4681c2e') in 0.058829 seconds
Number of updated asset objects reloaded before import = 0
Number of asset objects unloaded after import = 3
========================================================================
Received Import Request.
  Time since last request: 5.890141 seconds.
  path: Assets/Portrait/7_14years.png
  artifactKey: Guid(eb4b4f7a237fc9b4abf1bf359d46cce6) Importer(815301076,1909f56bfc062723c751e8b465ee728b)
Start importing Assets/Portrait/7_14years.png using Guid(eb4b4f7a237fc9b4abf1bf359d46cce6) Importer(815301076,1909f56bfc062723c751e8b465ee728b)  -> (artifact id: '5034d526183cbb8464a346df155ae509') in 0.056134 seconds
Number of updated asset objects reloaded before import = 0
Number of asset objects unloaded after import = 3
========================================================================
Received Import Request.
  Time since last request: 6.087605 seconds.
  path: Assets/Portrait/8_19years.png
  artifactKey: Guid(05f880c2bfe2d5b4bac717ac5637f118) Importer(815301076,1909f56bfc062723c751e8b465ee728b)
Start importing Assets/Portrait/8_19years.png using Guid(05f880c2bfe2d5b4bac717ac5637f118) Importer(815301076,1909f56bfc062723c751e8b465ee728b)  -> (artifact id: '5d1c3c8e828b2ac092c6af6c45c40d84') in 0.062987 seconds
Number of updated asset objects reloaded before import = 0
Number of asset objects unloaded after import = 3
========================================================================
Received Import Request.
  Time since last request: 8.142246 seconds.
  path: Assets/Portrait/9_20years.png
  artifactKey: Guid(2f20aa08c52f65d4c984a6e58eac68cf) Importer(815301076,1909f56bfc062723c751e8b465ee728b)
Start importing Assets/Portrait/9_20years.png using Guid(2f20aa08c52f65d4c984a6e58eac68cf) Importer(815301076,1909f56bfc062723c751e8b465ee728b)  -> (artifact id: '92e3de40c7324f9a1ec222fe1bf8b42c') in 0.059360 seconds
Number of updated asset objects reloaded before import = 0
Number of asset objects unloaded after import = 3
========================================================================
Received Import Request.
  Time since last request: 6.291533 seconds.
  path: Assets/Portrait/10_21years.png
  artifactKey: Guid(5c8dee857c7b8414988a7327a4f04a66) Importer(815301076,1909f56bfc062723c751e8b465ee728b)
Start importing Assets/Portrait/10_21years.png using Guid(5c8dee857c7b8414988a7327a4f04a66) Importer(815301076,1909f56bfc062723c751e8b465ee728b)  -> (artifact id: 'b7c04b15336c59ac578423a9076a0103') in 0.066417 seconds
Number of updated asset objects reloaded before import = 0
Number of asset objects unloaded after import = 3
========================================================================
Received Import Request.
  Time since last request: 9.407047 seconds.
  path: Assets/Portrait/11_23years.png
  artifactKey: Guid(d3d88d1a8a8faab458aa44e00ee9a3d1) Importer(815301076,1909f56bfc062723c751e8b465ee728b)
Start importing Assets/Portrait/11_23years.png using Guid(d3d88d1a8a8faab458aa44e00ee9a3d1) Importer(815301076,1909f56bfc062723c751e8b465ee728b)  -> (artifact id: '6b6006acd78f4f7f8dbbe2acb09fea43') in 0.067706 seconds
Number of updated asset objects reloaded before import = 0
Number of asset objects unloaded after import = 3
========================================================================
Received Import Request.
  Time since last request: 6.727812 seconds.
  path: Assets/Portrait/12_26years.png
  artifactKey: Guid(be2071daa2aaad847bd65e5d15e5b4ad) Importer(815301076,1909f56bfc062723c751e8b465ee728b)
Start importing Assets/Portrait/12_26years.png using Guid(be2071daa2aaad847bd65e5d15e5b4ad) Importer(815301076,1909f56bfc062723c751e8b465ee728b)  -> (artifact id: 'abdf80373f4bd8b8e79214b7a10c30e0') in 0.057025 seconds
Number of updated asset objects reloaded before import = 0
Number of asset objects unloaded after import = 3
========================================================================
Received Import Request.
  Time since last request: 6.822298 seconds.
  path: Assets/Portrait/13_27years.png
  artifactKey: Guid(e0905c7caa25e794098b0d0f76f29f4e) Importer(815301076,1909f56bfc062723c751e8b465ee728b)
Start importing Assets/Portrait/13_27years.png using Guid(e0905c7caa25e794098b0d0f76f29f4e) Importer(815301076,1909f56bfc062723c751e8b465ee728b)  -> (artifact id: 'b597fbd49222f81d341f1204bc58ad96') in 0.058401 seconds
Number of updated asset objects reloaded before import = 0
Number of asset objects unloaded after import = 3
========================================================================
Received Import Request.
  Time since last request: 6.757407 seconds.
  path: Assets/Portrait/14_32years.png
  artifactKey: Guid(39917eee524f0d643859d31e868b396b) Importer(815301076,1909f56bfc062723c751e8b465ee728b)
Start importing Assets/Portrait/14_32years.png using Guid(39917eee524f0d643859d31e868b396b) Importer(815301076,1909f56bfc062723c751e8b465ee728b)  -> (artifact id: '20fb62264087b8f5cf7d181b1800fd79') in 0.078337 seconds
Number of updated asset objects reloaded before import = 0
Number of asset objects unloaded after import = 3
========================================================================
Received Import Request.
  Time since last request: 5.998549 seconds.
  path: Assets/Portrait/15_35years.png
  artifactKey: Guid(a040a936a1a4b5f44a3e796937f82586) Importer(815301076,1909f56bfc062723c751e8b465ee728b)
Start importing Assets/Portrait/15_35years.png using Guid(a040a936a1a4b5f44a3e796937f82586) Importer(815301076,1909f56bfc062723c751e8b465ee728b)  -> (artifact id: '8a79aa36852731b153530110023974af') in 0.056543 seconds
Number of updated asset objects reloaded before import = 0
Number of asset objects unloaded after import = 3
========================================================================
Received Import Request.
  Time since last request: 6.470513 seconds.
  path: Assets/Portrait/16_40years.png
  artifactKey: Guid(7cec7085e71fa5a4fbec7873c9824069) Importer(815301076,1909f56bfc062723c751e8b465ee728b)
Start importing Assets/Portrait/16_40years.png using Guid(7cec7085e71fa5a4fbec7873c9824069) Importer(815301076,1909f56bfc062723c751e8b465ee728b)  -> (artifact id: 'be258884e76a05ba2571eba41a68f05c') in 0.072731 seconds
Number of updated asset objects reloaded before import = 0
Number of asset objects unloaded after import = 3
========================================================================
Received Import Request.
  Time since last request: 6.233393 seconds.
  path: Assets/Portrait/17_45years.png
  artifactKey: Guid(c316baffddab69949a39f036ce69ce4f) Importer(815301076,1909f56bfc062723c751e8b465ee728b)
Start importing Assets/Portrait/17_45years.png using Guid(c316baffddab69949a39f036ce69ce4f) Importer(815301076,1909f56bfc062723c751e8b465ee728b)  -> (artifact id: 'eb5039509e94e39b473e41c9eb3bc75e') in 0.060577 seconds
Number of updated asset objects reloaded before import = 0
Number of asset objects unloaded after import = 3
========================================================================
Received Import Request.
  Time since last request: 12.158696 seconds.
  path: Assets/Portrait/18_50years.png
  artifactKey: Guid(808286afbaedca843a32fd2930478247) Importer(815301076,1909f56bfc062723c751e8b465ee728b)
Start importing Assets/Portrait/18_50years.png using Guid(808286afbaedca843a32fd2930478247) Importer(815301076,1909f56bfc062723c751e8b465ee728b)  -> (artifact id: '9c31bd32928e56a0238cb8aa4110bceb') in 0.063826 seconds
Number of updated asset objects reloaded before import = 0
Number of asset objects unloaded after import = 3
========================================================================
Received Import Request.
  Time since last request: 12.853159 seconds.
  path: Assets/Portrait/19_56years.png
  artifactKey: Guid(d7050ce9d614c5c4e8ca5cf2305ac736) Importer(815301076,1909f56bfc062723c751e8b465ee728b)
Start importing Assets/Portrait/19_56years.png using Guid(d7050ce9d614c5c4e8ca5cf2305ac736) Importer(815301076,1909f56bfc062723c751e8b465ee728b)  -> (artifact id: '47c6bcce3cf8595eae53991ee1db0ae9') in 0.065343 seconds
Number of updated asset objects reloaded before import = 0
Number of asset objects unloaded after import = 3
========================================================================
Received Import Request.
  Time since last request: 7.431275 seconds.
  path: Assets/Portrait/20_60years.png
  artifactKey: Guid(3148f11f778b0124abb78b8026aefc1b) Importer(815301076,1909f56bfc062723c751e8b465ee728b)
Start importing Assets/Portrait/20_60years.png using Guid(3148f11f778b0124abb78b8026aefc1b) Importer(815301076,1909f56bfc062723c751e8b465ee728b)  -> (artifact id: 'ff68f2c1c94a049270943c892c97a446') in 0.062705 seconds
Number of updated asset objects reloaded before import = 0
Number of asset objects unloaded after import = 3
========================================================================
Received Import Request.
  Time since last request: 15.099316 seconds.
  path: Assets/Portrait/21_65years.png
  artifactKey: Guid(3fb867036a52ef1409e57fd5ffcce6a5) Importer(815301076,1909f56bfc062723c751e8b465ee728b)
Start importing Assets/Portrait/21_65years.png using Guid(3fb867036a52ef1409e57fd5ffcce6a5) Importer(815301076,1909f56bfc062723c751e8b465ee728b)  -> (artifact id: 'fc66db807744607d8401deef7aaf8628') in 0.064849 seconds
Number of updated asset objects reloaded before import = 0
Number of asset objects unloaded after import = 3
========================================================================
Received Import Request.
  Time since last request: 6.649647 seconds.
  path: Assets/Portrait/22_70years.png
  artifactKey: Guid(c01fdce0c59ee934580a4743271cac51) Importer(815301076,1909f56bfc062723c751e8b465ee728b)
Start importing Assets/Portrait/22_70years.png using Guid(c01fdce0c59ee934580a4743271cac51) Importer(815301076,1909f56bfc062723c751e8b465ee728b)  -> (artifact id: '8e4ba1aac7d1f39305069aa30ee3a1f4') in 0.059560 seconds
Number of updated asset objects reloaded before import = 0
Number of asset objects unloaded after import = 3
========================================================================
Received Import Request.
  Time since last request: 6.916771 seconds.
  path: Assets/Portrait/23_78years.png
  artifactKey: Guid(ff98fbea4fe562a4295af1d379d6438f) Importer(815301076,1909f56bfc062723c751e8b465ee728b)
Start importing Assets/Portrait/23_78years.png using Guid(ff98fbea4fe562a4295af1d379d6438f) Importer(815301076,1909f56bfc062723c751e8b465ee728b)  -> (artifact id: 'ae3ca6f8b875ec3bed7bb4265a695cae') in 0.065661 seconds
Number of updated asset objects reloaded before import = 0
Number of asset objects unloaded after import = 3
========================================================================
Received Import Request.
  Time since last request: 7.283812 seconds.
  path: Assets/Portrait/24_87years.png
  artifactKey: Guid(5130be48f6ede1f4e99db7f4a84c6ef2) Importer(815301076,1909f56bfc062723c751e8b465ee728b)
Start importing Assets/Portrait/24_87years.png using Guid(5130be48f6ede1f4e99db7f4a84c6ef2) Importer(815301076,1909f56bfc062723c751e8b465ee728b)  -> (artifact id: '775a74652ee289a7c3f41c887a74795f') in 0.069123 seconds
Number of updated asset objects reloaded before import = 0
Number of asset objects unloaded after import = 3
========================================================================
Received Import Request.
  Time since last request: 7.355123 seconds.
  path: Assets/Portrait/25_100years.png
  artifactKey: Guid(01a451c428775f54ebc55b6fc189c880) Importer(815301076,1909f56bfc062723c751e8b465ee728b)
Start importing Assets/Portrait/25_100years.png using Guid(01a451c428775f54ebc55b6fc189c880) Importer(815301076,1909f56bfc062723c751e8b465ee728b)  -> (artifact id: 'ad239a14922376ca7c752b77c7bc1fa9') in 0.064695 seconds
Number of updated asset objects reloaded before import = 0
Number of asset objects unloaded after import = 3
========================================================================
Received Import Request.
  Time since last request: 23.795768 seconds.
  path: Assets/Telefon
  artifactKey: Guid(310461a9a0ffe1a469a613c5ca1a334e) Importer(815301076,1909f56bfc062723c751e8b465ee728b)
Start importing Assets/Telefon using Guid(310461a9a0ffe1a469a613c5ca1a334e) Importer(815301076,1909f56bfc062723c751e8b465ee728b)  -> (artifact id: '9a0976c4e7a9e508eed76ecd4d48bc29') in 0.000557 seconds
Number of updated asset objects reloaded before import = 0
Number of asset objects unloaded after import = 0
========================================================================
Received Import Request.
  Time since last request: 15.952831 seconds.
  path: Assets/Telefon/4_retro-telephone-001.fbx
  artifactKey: Guid(dd7b8d0120828314aae7cb9e307ecbfd) Importer(815301076,1909f56bfc062723c751e8b465ee728b)
Start importing Assets/Telefon/4_retro-telephone-001.fbx using Guid(dd7b8d0120828314aae7cb9e307ecbfd) Importer(815301076,1909f56bfc062723c751e8b465ee728b)  -> (artifact id: 'ab06fe40b1c2a9e861aa518d76f1d8c4') in 0.310046 seconds
Number of updated asset objects reloaded before import = 0
Number of asset objects unloaded after import = 34
========================================================================
Received Import Request.
  Time since last request: 17.232829 seconds.
  path: Assets/Telefon/7_phone.stl
  artifactKey: Guid(7afbe3477763e8a47a0b04d966406b4f) Importer(815301076,1909f56bfc062723c751e8b465ee728b)
Start importing Assets/Telefon/7_phone.stl using Guid(7afbe3477763e8a47a0b04d966406b4f) Importer(815301076,1909f56bfc062723c751e8b465ee728b)  -> (artifact id: '48bb2249d71339a77dae5740ba57b853') in 0.001594 seconds
Number of updated asset objects reloaded before import = 0
Number of asset objects unloaded after import = 1
========================================================================
Received Import Request.
  Time since last request: 22.119444 seconds.
  path: Assets/Telefon/2_Old_Telephone.stl
  artifactKey: Guid(e568f3622638dd24b86c86241b75ceb6) Importer(815301076,1909f56bfc062723c751e8b465ee728b)
Start importing Assets/Telefon/2_Old_Telephone.stl using Guid(e568f3622638dd24b86c86241b75ceb6) Importer(815301076,1909f56bfc062723c751e8b465ee728b)  -> (artifact id: '6e49afa2f7157f04ecee4b00517878db') in 0.001329 seconds
Number of updated asset objects reloaded before import = 0
Number of asset objects unloaded after import = 1
========================================================================
Received Import Request.
  Time since last request: 19.788739 seconds.
  path: Assets/Tracking Obj.asset
  artifactKey: Guid(f82a283cdcf86cb4e803e0e9c1398db3) Importer(815301076,1909f56bfc062723c751e8b465ee728b)
Start importing Assets/Tracking Obj.asset using Guid(f82a283cdcf86cb4e803e0e9c1398db3) Importer(815301076,1909f56bfc062723c751e8b465ee728b)  -> (artifact id: '69a8d2d3ab4445204a96a7dafb0a16f1') in 0.043856 seconds
Number of updated asset objects reloaded before import = 0
Number of asset objects unloaded after import = 1
